#
# There is insufficient memory for the Java Runtime Environment to continue.
# Native memory allocation (mmap) failed to map 266338304 bytes. Error detail: G1 virtual space
# Possible reasons:
#   The system is out of physical RAM or swap space
#   This process is running with CompressedOops enabled, and the Java Heap may be blocking the growth of the native heap
# Possible solutions:
#   Reduce memory load on the system
#   Increase physical memory or swap space
#   Check if swap backing store is full
#   Decrease Java heap size (-Xmx/-Xms)
#   Decrease number of Java threads
#   Decrease Java thread stack sizes (-Xss)
#   Set larger code cache with -XX:ReservedCodeCacheSize=
#   JVM is running with Zero Based Compressed Oops mode in which the Java heap is
#     placed in the first 32GB address space. The Java Heap base address is the
#     maximum limit for the native heap growth. Please use -XX:HeapBaseMinAddress
#     to set the Java Heap base and to place the Java Heap above 32GB virtual address.
# This output file may be truncated or incomplete.
#
#  Out of Memory Error (os_windows.cpp:3613), pid=49032, tid=43288
#
# JRE version:  (17.0.11+9) (build )
# Java VM: OpenJDK 64-Bit Server VM (17.0.11+9, mixed mode, sharing, tiered, compressed oops, compressed class ptrs, g1 gc, windows-amd64)
# No core dump will be written. Minidumps are not enabled by default on client versions of Windows
#

---------------  S U M M A R Y ------------

Command Line: -Dfile.encoding=UTF-8 -Dstdout.encoding=UTF-8 -Dstderr.encoding=UTF-8 -XX:+ShowCodeDetailsInExceptionMessages com.playwright.DynamicTable2

Host: Intel(R) Core(TM) i5-10210U CPU @ 1.60GHz, 8 cores, 15G,  Windows 11 , 64 bit Build 22621 (10.0.22621.3672)
Time: Fri Aug 16 16:49:47 2024 India Standard Time elapsed time: 0.013873 seconds (0d 0h 0m 0s)

---------------  T H R E A D  ---------------

Current thread (0x000002425d2473e0):  JavaThread "Unknown thread" [_thread_in_vm, id=43288, stack(0x000000cc24c00000,0x000000cc24d00000)]

Stack: [0x000000cc24c00000,0x000000cc24d00000]
Native frames: (J=compiled Java code, j=interpreted, Vv=VM code, C=native code)
V  [jvm.dll+0x67d429]
V  [jvm.dll+0x834b7a]
V  [jvm.dll+0x83663e]
V  [jvm.dll+0x836ca3]
V  [jvm.dll+0x247dbf]
V  [jvm.dll+0x67a269]
V  [jvm.dll+0x66ecda]
V  [jvm.dll+0x30797b]
V  [jvm.dll+0x30ee26]
V  [jvm.dll+0x35e80e]
V  [jvm.dll+0x35ea3f]
V  [jvm.dll+0x2de6b8]
V  [jvm.dll+0x2df624]
V  [jvm.dll+0x806531]
V  [jvm.dll+0x36c561]
V  [jvm.dll+0x7e4f56]
V  [jvm.dll+0x3efdcf]
V  [jvm.dll+0x3f1921]
C  [jli.dll+0x528f]
C  [ucrtbase.dll+0x29333]
C  [KERNEL32.DLL+0x1257d]
C  [ntdll.dll+0x5af28]


---------------  P R O C E S S  ---------------

Threads class SMR info:
_java_thread_list=0x00007ffef80deed8, length=0, elements={
}

Java Threads: ( => current thread )

Other Threads:
  0x000002425d2b67b0 GCTaskThread "GC Thread#0" [stack: 0x000000cc24d00000,0x000000cc24e00000] [id=3412]
  0x000002425d2c7310 ConcurrentGCThread "G1 Main Marker" [stack: 0x000000cc24e00000,0x000000cc24f00000] [id=44168]
  0x000002425d2c84d0 ConcurrentGCThread "G1 Conc#0" [stack: 0x000000cc24f00000,0x000000cc25000000] [id=21672]

[error occurred during error reporting (printing all threads), id 0xc0000005, EXCEPTION_ACCESS_VIOLATION (0xc0000005) at pc=0x00007ffef789f0f7]

VM state: not at safepoint (not fully initialized)

VM Mutex/Monitor currently owned by a thread:  ([mutex/lock_event])
[0x000002425d22fa70] Heap_lock - owner thread: 0x000002425d2473e0

Heap address: 0x0000000703e00000, size: 4034 MB, Compressed Oops mode: Zero based, Oop shift amount: 3

CDS archive(s) mapped at: [0x0000000000000000-0x0000000000000000-0x0000000000000000), size 0, SharedBaseAddress: 0x0000000800000000, ArchiveRelocationMode: 1.
Narrow klass base: 0x0000000000000000, Narrow klass shift: 0, Narrow klass range: 0x0

GC Precious Log:
<Empty>

Heap:
 garbage-first heap   total 0K, used 0K [0x0000000703e00000, 0x0000000800000000)
  region size 2048K, 0 young (0K), 0 survivors (0K)

[error occurred during error reporting (printing heap information), id 0xc0000005, EXCEPTION_ACCESS_VIOLATION (0xc0000005) at pc=0x00007ffef7c870c9]

GC Heap History (0 events):
No events

Dll operation events (1 events):
Event: 0.008 Loaded shared library C:\Users\Papu\.p2\pool\plugins\org.eclipse.justj.openjdk.hotspot.jre.full.win32.x86_64_17.0.11.v20240426-1830\jre\bin\java.dll

Deoptimization events (0 events):
No events

Classes unloaded (0 events):
No events

Classes redefined (0 events):
No events

Internal exceptions (0 events):
No events

VM Operations (0 events):
No events

Events (0 events):
No events


Dynamic libraries:
0x00007ff7bf090000 - 0x00007ff7bf09e000 	C:\Users\Papu\.p2\pool\plugins\org.eclipse.justj.openjdk.hotspot.jre.full.win32.x86_64_17.0.11.v20240426-1830\jre\bin\javaw.exe
0x00007fff684b0000 - 0x00007fff686c7000 	C:\Windows\SYSTEM32\ntdll.dll
0x00007fff67010000 - 0x00007fff670d4000 	C:\Windows\System32\KERNEL32.DLL
0x00007fff657e0000 - 0x00007fff65b8c000 	C:\Windows\System32\KERNELBASE.dll
0x00007fff65e40000 - 0x00007fff65f51000 	C:\Windows\System32\ucrtbase.dll
0x00007fff4c760000 - 0x00007fff4c77b000 	C:\Users\Papu\.p2\pool\plugins\org.eclipse.justj.openjdk.hotspot.jre.full.win32.x86_64_17.0.11.v20240426-1830\jre\bin\VCRUNTIME140.dll
0x00007fff4c9f0000 - 0x00007fff4ca07000 	C:\Users\Papu\.p2\pool\plugins\org.eclipse.justj.openjdk.hotspot.jre.full.win32.x86_64_17.0.11.v20240426-1830\jre\bin\jli.dll
0x00007fff66e60000 - 0x00007fff6700e000 	C:\Windows\System32\USER32.dll
0x00007fff65b90000 - 0x00007fff65bb6000 	C:\Windows\System32\win32u.dll
0x00007fff4cf50000 - 0x00007fff4d1e3000 	C:\Windows\WinSxS\amd64_microsoft.windows.common-controls_6595b64144ccf1df_6.0.22621.3672_none_2713b9d173822955\COMCTL32.dll
0x00007fff66540000 - 0x00007fff66569000 	C:\Windows\System32\GDI32.dll
0x00007fff67a20000 - 0x00007fff67ac7000 	C:\Windows\System32\msvcrt.dll
0x00007fff65c60000 - 0x00007fff65d79000 	C:\Windows\System32\gdi32full.dll
0x00007fff65f60000 - 0x00007fff65ffa000 	C:\Windows\System32\msvcp_win.dll
0x00007fff664a0000 - 0x00007fff664d1000 	C:\Windows\System32\IMM32.DLL
0x00007fff60f00000 - 0x00007fff60f0c000 	C:\Users\Papu\.p2\pool\plugins\org.eclipse.justj.openjdk.hotspot.jre.full.win32.x86_64_17.0.11.v20240426-1830\jre\bin\vcruntime140_1.dll
0x00007fff3eb80000 - 0x00007fff3ec0d000 	C:\Users\Papu\.p2\pool\plugins\org.eclipse.justj.openjdk.hotspot.jre.full.win32.x86_64_17.0.11.v20240426-1830\jre\bin\msvcp140.dll
0x00007ffef75b0000 - 0x00007ffef8212000 	C:\Users\Papu\.p2\pool\plugins\org.eclipse.justj.openjdk.hotspot.jre.full.win32.x86_64_17.0.11.v20240426-1830\jre\bin\server\jvm.dll
0x00007fff680c0000 - 0x00007fff68172000 	C:\Windows\System32\ADVAPI32.dll
0x00007fff66b20000 - 0x00007fff66bca000 	C:\Windows\System32\sechost.dll
0x00007fff65bc0000 - 0x00007fff65be8000 	C:\Windows\System32\bcrypt.dll
0x00007fff66380000 - 0x00007fff66495000 	C:\Windows\System32\RPCRT4.dll
0x00007fff656a0000 - 0x00007fff656ed000 	C:\Windows\SYSTEM32\POWRPROF.dll
0x00007fff61110000 - 0x00007fff61119000 	C:\Windows\SYSTEM32\WSOCK32.dll
0x00007fff60df0000 - 0x00007fff60e24000 	C:\Windows\SYSTEM32\WINMM.dll
0x00007fff5dd30000 - 0x00007fff5dd3a000 	C:\Windows\SYSTEM32\VERSION.dll
0x00007fff66d80000 - 0x00007fff66df1000 	C:\Windows\System32\WS2_32.dll
0x00007fff65680000 - 0x00007fff65693000 	C:\Windows\SYSTEM32\UMPDC.dll
0x00007fff647d0000 - 0x00007fff647e8000 	C:\Windows\SYSTEM32\kernel.appcore.dll
0x00007fff5eee0000 - 0x00007fff5eeea000 	C:\Users\Papu\.p2\pool\plugins\org.eclipse.justj.openjdk.hotspot.jre.full.win32.x86_64_17.0.11.v20240426-1830\jre\bin\jimage.dll
0x00007fff4e330000 - 0x00007fff4e562000 	C:\Windows\SYSTEM32\DBGHELP.DLL
0x00007fff66780000 - 0x00007fff66b08000 	C:\Windows\System32\combase.dll
0x00007fff67940000 - 0x00007fff67a17000 	C:\Windows\System32\OLEAUT32.dll
0x00007fff43550000 - 0x00007fff43582000 	C:\Windows\SYSTEM32\dbgcore.DLL
0x00007fff66170000 - 0x00007fff661eb000 	C:\Windows\System32\bcryptPrimitives.dll
0x00007fff5eeb0000 - 0x00007fff5eed5000 	C:\Users\Papu\.p2\pool\plugins\org.eclipse.justj.openjdk.hotspot.jre.full.win32.x86_64_17.0.11.v20240426-1830\jre\bin\java.dll

dbghelp: loaded successfully - version: 4.0.5 - missing functions: none
symbol engine: initialized successfully - sym options: 0x614 - pdb path: .;C:\Users\Papu\.p2\pool\plugins\org.eclipse.justj.openjdk.hotspot.jre.full.win32.x86_64_17.0.11.v20240426-1830\jre\bin;C:\Windows\SYSTEM32;C:\Windows\WinSxS\amd64_microsoft.windows.common-controls_6595b64144ccf1df_6.0.22621.3672_none_2713b9d173822955;C:\Users\Papu\.p2\pool\plugins\org.eclipse.justj.openjdk.hotspot.jre.full.win32.x86_64_17.0.11.v20240426-1830\jre\bin\server

VM Arguments:
jvm_args: -Dfile.encoding=UTF-8 -Dstdout.encoding=UTF-8 -Dstderr.encoding=UTF-8 -XX:+ShowCodeDetailsInExceptionMessages 
java_command: com.playwright.DynamicTable2
java_class_path (initial): C:\Users\Papu\eclipse-workspace\PlaywrightProject\target\test-classes;C:\Users\Papu\eclipse-workspace\PlaywrightProject\target\classes;C:\Users\Papu\.m2\repository\com\microsoft\playwright\playwright\1.45.0\playwright-1.45.0.jar;C:\Users\Papu\.m2\repository\com\google\code\gson\gson\2.11.0\gson-2.11.0.jar;C:\Users\Papu\.m2\repository\com\google\errorprone\error_prone_annotations\2.27.0\error_prone_annotations-2.27.0.jar;C:\Users\Papu\.m2\repository\org\opentest4j\opentest4j\1.3.0\opentest4j-1.3.0.jar;C:\Users\Papu\.m2\repository\com\microsoft\playwright\driver\1.45.0\driver-1.45.0.jar;C:\Users\Papu\.m2\repository\com\microsoft\playwright\driver-bundle\1.45.0\driver-bundle-1.45.0.jar
Launcher Type: SUN_STANDARD

[Global flags]
     intx CICompilerCount                          = 4                                         {product} {ergonomic}
     uint ConcGCThreads                            = 2                                         {product} {ergonomic}
     uint G1ConcRefinementThreads                  = 8                                         {product} {ergonomic}
   size_t G1HeapRegionSize                         = 2097152                                   {product} {ergonomic}
    uintx GCDrainStackTargetSize                   = 64                                        {product} {ergonomic}
   size_t InitialHeapSize                          = 266338304                                 {product} {ergonomic}
   size_t MarkStackSize                            = 4194304                                   {product} {ergonomic}
   size_t MaxHeapSize                              = 4229955584                                {product} {ergonomic}
   size_t MinHeapDeltaBytes                        = 2097152                                   {product} {ergonomic}
   size_t MinHeapSize                              = 8388608                                   {product} {ergonomic}
    uintx NonNMethodCodeHeapSize                   = 5839372                                {pd product} {ergonomic}
    uintx NonProfiledCodeHeapSize                  = 122909434                              {pd product} {ergonomic}
    uintx ProfiledCodeHeapSize                     = 122909434                              {pd product} {ergonomic}
    uintx ReservedCodeCacheSize                    = 251658240                              {pd product} {ergonomic}
     bool SegmentedCodeCache                       = true                                      {product} {ergonomic}
     bool ShowCodeDetailsInExceptionMessages       = true                                   {manageable} {command line}
   size_t SoftMaxHeapSize                          = 4229955584                             {manageable} {ergonomic}
     bool UseCompressedClassPointers               = true                           {product lp64_product} {ergonomic}
     bool UseCompressedOops                        = true                           {product lp64_product} {ergonomic}
     bool UseG1GC                                  = true                                      {product} {ergonomic}
     bool UseLargePagesIndividualAllocation        = false                                  {pd product} {ergonomic}

Logging:
Log output configuration:
 #0: stdout all=warning uptime,level,tags
 #1: stderr all=off uptime,level,tags

Environment Variables:
JAVA_HOME=C:\Program Files\Java\jdk-11\bin
PATH=C:/Users/Papu/.p2/pool/plugins/org.eclipse.justj.openjdk.hotspot.jre.full.win32.x86_64_17.0.11.v20240426-1830/jre/bin/server;C:/Users/Papu/.p2/pool/plugins/org.eclipse.justj.openjdk.hotspot.jre.full.win32.x86_64_17.0.11.v20240426-1830/jre/bin;C:\Program Files\Common Files\Oracle\Java\javapath;C:\Windows\system32;C:\Windows;C:\Windows\System32\Wbem;C:\Windows\System32\WindowsPowerShell\v1.0\;C:\Windows\System32\OpenSSH\;C:\Program Files\Java\jdk-11\bin;C:\Users\Papu\AppData\Local\Microsoft\WindowsApps;;C:\Users\Papu\Desktop;
USERNAME=Papu
OS=Windows_NT
PROCESSOR_IDENTIFIER=Intel64 Family 6 Model 142 Stepping 12, GenuineIntel
TMP=C:\Users\Papu\AppData\Local\Temp
TEMP=C:\Users\Papu\AppData\Local\Temp



Periodic native trim disabled


---------------  S Y S T E M  ---------------

OS:
 Windows 11 , 64 bit Build 22621 (10.0.22621.3672)
OS uptime: 18 days 4:38 hours
Hyper-V role detected

CPU: total 8 (initial active 8) (4 cores per cpu, 2 threads per core) family 6 model 142 stepping 12 microcode 0xf0, cx8, cmov, fxsr, ht, mmx, 3dnowpref, sse, sse2, sse3, ssse3, sse4.1, sse4.2, popcnt, lzcnt, tsc, tscinvbit, avx, avx2, aes, erms, clmul, bmi1, bmi2, adx, fma, vzeroupper, clflush, clflushopt, hv
Processor Information for processor 0
  Max Mhz: 2112, Current Mhz: 1609, Mhz Limit: 1605
Processor Information for processor 1
  Max Mhz: 2112, Current Mhz: 1508, Mhz Limit: 1605
Processor Information for processor 2
  Max Mhz: 2112, Current Mhz: 1609, Mhz Limit: 1605
Processor Information for processor 3
  Max Mhz: 2112, Current Mhz: 1609, Mhz Limit: 1605
Processor Information for processor 4
  Max Mhz: 2112, Current Mhz: 1609, Mhz Limit: 1605
Processor Information for processor 5
  Max Mhz: 2112, Current Mhz: 1609, Mhz Limit: 1605
Processor Information for processor 6
  Max Mhz: 2112, Current Mhz: 1609, Mhz Limit: 1605
Processor Information for processor 7
  Max Mhz: 2112, Current Mhz: 1508, Mhz Limit: 1605

Memory: 4k page, system-wide physical 16134M (4049M free)
TotalPageFile size 33646M (AvailPageFile size 166M)
current process WorkingSet (physical memory assigned to process): 11M, peak: 11M
current process commit charge ("private bytes"): 60M, peak: 314M

vm_info: OpenJDK 64-Bit Server VM (17.0.11+9) for windows-amd64 JRE (17.0.11+9), built on Apr 17 2024 06:07:48 by "admin" with MS VC++ 16.10 / 16.11 (VS2019)

END.
